22:39:20.395 [background-preinit] INFO  o.h.v.i.util.Version - [<clinit>,21] - HV000001: Hibernate Validator 6.2.5.Final
22:39:21.379 [main] INFO  c.a.n.c.r.client - [lambda$createClient$0,80] - [RpcClientFactory] create a new rpc client of 9bed444c-5c7b-4e83-ad82-260a4402ce04_config-0
22:39:21.414 [main] INFO  o.r.Reflections - [scan,232] - Reflections took 22 ms to scan 1 urls, producing 3 keys and 6 values 
22:39:21.440 [main] INFO  o.r.Reflections - [scan,232] - Reflections took 16 ms to scan 1 urls, producing 4 keys and 9 values 
22:39:21.450 [main] INFO  o.r.Reflections - [scan,232] - Reflections took 8 ms to scan 1 urls, producing 3 keys and 10 values 
22:39:21.461 [main] INFO  o.r.Reflections - [scan,232] - Reflections took 7 ms to scan 1 urls, producing 1 keys and 5 values 
22:39:21.472 [main] INFO  o.r.Reflections - [scan,232] - Reflections took 8 ms to scan 1 urls, producing 1 keys and 7 values 
22:39:21.485 [main] INFO  o.r.Reflections - [scan,232] - Reflections took 11 ms to scan 1 urls, producing 2 keys and 8 values 
22:39:21.488 [main] INFO  c.a.n.c.r.client - [printIfInfoEnabled,60] - [9bed444c-5c7b-4e83-ad82-260a4402ce04_config-0] RpcClient init label, labels = {module=config, Vipserver-Tag=null, source=sdk, Amory-Tag=null, Location-Tag=null, taskId=0, AppName=unknown}
22:39:21.489 [main] INFO  c.a.n.c.r.client - [printIfInfoEnabled,60] - [9bed444c-5c7b-4e83-ad82-260a4402ce04_config-0] Register server push request handler:com.alibaba.nacos.client.config.impl.ClientWorker$ConfigRpcTransportClient$$Lambda$468/0x0000000800e7f040
22:39:21.489 [main] INFO  c.a.n.c.r.client - [printIfInfoEnabled,60] - [9bed444c-5c7b-4e83-ad82-260a4402ce04_config-0] Register server push request handler:com.alibaba.nacos.client.config.impl.ClientWorker$ConfigRpcTransportClient$$Lambda$469/0x0000000800e7f440
22:39:21.490 [main] INFO  c.a.n.c.r.client - [printIfInfoEnabled,60] - [9bed444c-5c7b-4e83-ad82-260a4402ce04_config-0] Registry connection listener to current client:com.alibaba.nacos.client.config.impl.ClientWorker$ConfigRpcTransportClient$1
22:39:21.490 [main] INFO  c.a.n.c.r.client - [printIfInfoEnabled,60] - [9bed444c-5c7b-4e83-ad82-260a4402ce04_config-0] RpcClient init, ServerListFactory = com.alibaba.nacos.client.config.impl.ClientWorker$ConfigRpcTransportClient$2
22:39:21.496 [main] INFO  c.a.n.c.r.client - [printIfInfoEnabled,60] - [9bed444c-5c7b-4e83-ad82-260a4402ce04_config-0] Try to connect to server on start up, server: {serverIp = '127.0.0.1', server main port = 8848}
22:39:23.557 [main] INFO  c.a.n.c.r.client - [printIfInfoEnabled,60] - [9bed444c-5c7b-4e83-ad82-260a4402ce04_config-0] Success to connect to server [127.0.0.1:8848] on start up, connectionId = 1683729563344_127.0.0.1_50212
22:39:23.558 [main] INFO  c.a.n.c.r.client - [printIfInfoEnabled,60] - [9bed444c-5c7b-4e83-ad82-260a4402ce04_config-0] Register server push request handler:com.alibaba.nacos.common.remote.client.RpcClient$ConnectResetRequestHandler
22:39:23.557 [com.alibaba.nacos.client.remote.worker] INFO  c.a.n.c.r.client - [printIfInfoEnabled,60] - [9bed444c-5c7b-4e83-ad82-260a4402ce04_config-0] Notify connected event to listeners.
22:39:23.558 [main] INFO  c.a.n.c.r.client - [printIfInfoEnabled,60] - [9bed444c-5c7b-4e83-ad82-260a4402ce04_config-0] Register server push request handler:com.alibaba.nacos.common.remote.client.RpcClient$$Lambda$484/0x0000000800ee7c40
22:39:23.662 [main] INFO  c.r.s.RuoYiSystemApplication - [logStartupProfileInfo,637] - The following 1 profile is active: "dev"
22:39:26.344 [main] INFO  o.a.c.h.Http11NioProtocol - [log,173] - Initializing ProtocolHandler ["http-nio-9201"]
22:39:26.344 [main] INFO  o.a.c.c.StandardService - [log,173] - Starting service [Tomcat]
22:39:26.345 [main] INFO  o.a.c.c.StandardEngine - [log,173] - Starting Servlet engine: [Apache Tomcat/9.0.70]
22:39:26.555 [main] INFO  o.a.c.c.C.[.[.[/] - [log,173] - Initializing Spring embedded WebApplicationContext
22:39:26.971 [main] INFO  c.a.d.p.DruidDataSource - [init,985] - {dataSource-1,master} inited
22:39:27.016 [Druid-ConnectionPool-Create-1005872204] INFO  c.a.d.p.DruidAbstractDataSource - [setFailContinuous,1883] - {dataSource-1} failContinuous is true
22:39:27.026 [main] INFO  o.a.c.c.StandardService - [log,173] - Stopping service [Tomcat]
22:45:56.123 [background-preinit] INFO  o.h.v.i.util.Version - [<clinit>,21] - HV000001: Hibernate Validator 6.2.5.Final
22:45:57.165 [main] INFO  c.a.n.c.r.client - [lambda$createClient$0,80] - [RpcClientFactory] create a new rpc client of 7d7de966-dd03-4e63-a2ed-5d5d76f5c3f2_config-0
22:45:57.201 [main] INFO  o.r.Reflections - [scan,232] - Reflections took 21 ms to scan 1 urls, producing 3 keys and 6 values 
22:45:57.228 [main] INFO  o.r.Reflections - [scan,232] - Reflections took 16 ms to scan 1 urls, producing 4 keys and 9 values 
22:45:57.237 [main] INFO  o.r.Reflections - [scan,232] - Reflections took 7 ms to scan 1 urls, producing 3 keys and 10 values 
22:45:57.248 [main] INFO  o.r.Reflections - [scan,232] - Reflections took 7 ms to scan 1 urls, producing 1 keys and 5 values 
22:45:57.258 [main] INFO  o.r.Reflections - [scan,232] - Reflections took 8 ms to scan 1 urls, producing 1 keys and 7 values 
22:45:57.271 [main] INFO  o.r.Reflections - [scan,232] - Reflections took 11 ms to scan 1 urls, producing 2 keys and 8 values 
22:45:57.274 [main] INFO  c.a.n.c.r.client - [printIfInfoEnabled,60] - [7d7de966-dd03-4e63-a2ed-5d5d76f5c3f2_config-0] RpcClient init label, labels = {module=config, Vipserver-Tag=null, source=sdk, Amory-Tag=null, Location-Tag=null, taskId=0, AppName=unknown}
22:45:57.275 [main] INFO  c.a.n.c.r.client - [printIfInfoEnabled,60] - [7d7de966-dd03-4e63-a2ed-5d5d76f5c3f2_config-0] Register server push request handler:com.alibaba.nacos.client.config.impl.ClientWorker$ConfigRpcTransportClient$$Lambda$468/0x0000000800e7f040
22:45:57.275 [main] INFO  c.a.n.c.r.client - [printIfInfoEnabled,60] - [7d7de966-dd03-4e63-a2ed-5d5d76f5c3f2_config-0] Register server push request handler:com.alibaba.nacos.client.config.impl.ClientWorker$ConfigRpcTransportClient$$Lambda$469/0x0000000800e7f440
22:45:57.276 [main] INFO  c.a.n.c.r.client - [printIfInfoEnabled,60] - [7d7de966-dd03-4e63-a2ed-5d5d76f5c3f2_config-0] Registry connection listener to current client:com.alibaba.nacos.client.config.impl.ClientWorker$ConfigRpcTransportClient$1
22:45:57.276 [main] INFO  c.a.n.c.r.client - [printIfInfoEnabled,60] - [7d7de966-dd03-4e63-a2ed-5d5d76f5c3f2_config-0] RpcClient init, ServerListFactory = com.alibaba.nacos.client.config.impl.ClientWorker$ConfigRpcTransportClient$2
22:45:57.282 [main] INFO  c.a.n.c.r.client - [printIfInfoEnabled,60] - [7d7de966-dd03-4e63-a2ed-5d5d76f5c3f2_config-0] Try to connect to server on start up, server: {serverIp = '127.0.0.1', server main port = 8848}
22:45:59.283 [main] INFO  c.a.n.c.r.client - [printIfInfoEnabled,60] - [7d7de966-dd03-4e63-a2ed-5d5d76f5c3f2_config-0] Success to connect to server [127.0.0.1:8848] on start up, connectionId = 1683729959115_127.0.0.1_50540
22:45:59.284 [main] INFO  c.a.n.c.r.client - [printIfInfoEnabled,60] - [7d7de966-dd03-4e63-a2ed-5d5d76f5c3f2_config-0] Register server push request handler:com.alibaba.nacos.common.remote.client.RpcClient$ConnectResetRequestHandler
22:45:59.283 [com.alibaba.nacos.client.remote.worker] INFO  c.a.n.c.r.client - [printIfInfoEnabled,60] - [7d7de966-dd03-4e63-a2ed-5d5d76f5c3f2_config-0] Notify connected event to listeners.
22:45:59.284 [main] INFO  c.a.n.c.r.client - [printIfInfoEnabled,60] - [7d7de966-dd03-4e63-a2ed-5d5d76f5c3f2_config-0] Register server push request handler:com.alibaba.nacos.common.remote.client.RpcClient$$Lambda$484/0x0000000800ee7c40
22:45:59.366 [main] INFO  c.r.s.RuoYiSystemApplication - [logStartupProfileInfo,637] - The following 1 profile is active: "dev"
22:46:01.960 [main] INFO  o.a.c.h.Http11NioProtocol - [log,173] - Initializing ProtocolHandler ["http-nio-9201"]
22:46:01.961 [main] INFO  o.a.c.c.StandardService - [log,173] - Starting service [Tomcat]
22:46:01.961 [main] INFO  o.a.c.c.StandardEngine - [log,173] - Starting Servlet engine: [Apache Tomcat/9.0.70]
22:46:02.175 [main] INFO  o.a.c.c.C.[.[.[/] - [log,173] - Initializing Spring embedded WebApplicationContext
22:46:02.586 [main] INFO  c.a.d.p.DruidDataSource - [init,985] - {dataSource-1,master} inited
22:46:02.641 [Druid-ConnectionPool-Create-553937658] INFO  c.a.d.p.DruidAbstractDataSource - [setFailContinuous,1883] - {dataSource-1} failContinuous is true
22:46:02.644 [main] INFO  o.a.c.c.StandardService - [log,173] - Stopping service [Tomcat]
22:48:02.864 [background-preinit] INFO  o.h.v.i.util.Version - [<clinit>,21] - HV000001: Hibernate Validator 6.2.5.Final
22:48:03.889 [main] INFO  c.a.n.c.r.client - [lambda$createClient$0,80] - [RpcClientFactory] create a new rpc client of c9ff1b0b-cff7-43f8-bf00-c88a5244330c_config-0
22:48:03.923 [main] INFO  o.r.Reflections - [scan,232] - Reflections took 20 ms to scan 1 urls, producing 3 keys and 6 values 
22:48:03.950 [main] INFO  o.r.Reflections - [scan,232] - Reflections took 16 ms to scan 1 urls, producing 4 keys and 9 values 
22:48:03.959 [main] INFO  o.r.Reflections - [scan,232] - Reflections took 7 ms to scan 1 urls, producing 3 keys and 10 values 
22:48:03.970 [main] INFO  o.r.Reflections - [scan,232] - Reflections took 7 ms to scan 1 urls, producing 1 keys and 5 values 
22:48:03.980 [main] INFO  o.r.Reflections - [scan,232] - Reflections took 8 ms to scan 1 urls, producing 1 keys and 7 values 
22:48:03.993 [main] INFO  o.r.Reflections - [scan,232] - Reflections took 11 ms to scan 1 urls, producing 2 keys and 8 values 
22:48:03.996 [main] INFO  c.a.n.c.r.client - [printIfInfoEnabled,60] - [c9ff1b0b-cff7-43f8-bf00-c88a5244330c_config-0] RpcClient init label, labels = {module=config, Vipserver-Tag=null, source=sdk, Amory-Tag=null, Location-Tag=null, taskId=0, AppName=unknown}
22:48:03.997 [main] INFO  c.a.n.c.r.client - [printIfInfoEnabled,60] - [c9ff1b0b-cff7-43f8-bf00-c88a5244330c_config-0] Register server push request handler:com.alibaba.nacos.client.config.impl.ClientWorker$ConfigRpcTransportClient$$Lambda$468/0x0000000800e7f040
22:48:03.997 [main] INFO  c.a.n.c.r.client - [printIfInfoEnabled,60] - [c9ff1b0b-cff7-43f8-bf00-c88a5244330c_config-0] Register server push request handler:com.alibaba.nacos.client.config.impl.ClientWorker$ConfigRpcTransportClient$$Lambda$469/0x0000000800e7f440
22:48:03.998 [main] INFO  c.a.n.c.r.client - [printIfInfoEnabled,60] - [c9ff1b0b-cff7-43f8-bf00-c88a5244330c_config-0] Registry connection listener to current client:com.alibaba.nacos.client.config.impl.ClientWorker$ConfigRpcTransportClient$1
22:48:03.998 [main] INFO  c.a.n.c.r.client - [printIfInfoEnabled,60] - [c9ff1b0b-cff7-43f8-bf00-c88a5244330c_config-0] RpcClient init, ServerListFactory = com.alibaba.nacos.client.config.impl.ClientWorker$ConfigRpcTransportClient$2
22:48:04.005 [main] INFO  c.a.n.c.r.client - [printIfInfoEnabled,60] - [c9ff1b0b-cff7-43f8-bf00-c88a5244330c_config-0] Try to connect to server on start up, server: {serverIp = '127.0.0.1', server main port = 8848}
22:48:06.080 [main] INFO  c.a.n.c.r.client - [printIfInfoEnabled,60] - [c9ff1b0b-cff7-43f8-bf00-c88a5244330c_config-0] Success to connect to server [127.0.0.1:8848] on start up, connectionId = 1683730085899_127.0.0.1_50748
22:48:06.080 [com.alibaba.nacos.client.remote.worker] INFO  c.a.n.c.r.client - [printIfInfoEnabled,60] - [c9ff1b0b-cff7-43f8-bf00-c88a5244330c_config-0] Notify connected event to listeners.
22:48:06.081 [main] INFO  c.a.n.c.r.client - [printIfInfoEnabled,60] - [c9ff1b0b-cff7-43f8-bf00-c88a5244330c_config-0] Register server push request handler:com.alibaba.nacos.common.remote.client.RpcClient$ConnectResetRequestHandler
22:48:06.082 [main] INFO  c.a.n.c.r.client - [printIfInfoEnabled,60] - [c9ff1b0b-cff7-43f8-bf00-c88a5244330c_config-0] Register server push request handler:com.alibaba.nacos.common.remote.client.RpcClient$$Lambda$484/0x0000000800ee7c40
22:48:06.155 [main] INFO  c.r.s.RuoYiSystemApplication - [logStartupProfileInfo,637] - The following 1 profile is active: "dev"
22:48:08.765 [main] INFO  o.a.c.h.Http11NioProtocol - [log,173] - Initializing ProtocolHandler ["http-nio-9201"]
22:48:08.765 [main] INFO  o.a.c.c.StandardService - [log,173] - Starting service [Tomcat]
22:48:08.765 [main] INFO  o.a.c.c.StandardEngine - [log,173] - Starting Servlet engine: [Apache Tomcat/9.0.70]
22:48:09.014 [main] INFO  o.a.c.c.C.[.[.[/] - [log,173] - Initializing Spring embedded WebApplicationContext
22:48:09.471 [main] INFO  c.a.d.p.DruidDataSource - [init,985] - {dataSource-1,master} inited
22:48:09.518 [Druid-ConnectionPool-Create-553937658] INFO  c.a.d.p.DruidAbstractDataSource - [setFailContinuous,1883] - {dataSource-1} failContinuous is true
22:48:09.530 [main] INFO  o.a.c.c.StandardService - [log,173] - Stopping service [Tomcat]
22:48:34.719 [background-preinit] INFO  o.h.v.i.util.Version - [<clinit>,21] - HV000001: Hibernate Validator 6.2.5.Final
22:48:35.748 [main] INFO  c.a.n.c.r.client - [lambda$createClient$0,80] - [RpcClientFactory] create a new rpc client of 1ff1cdf3-adf4-4961-b5d8-f5af0e2f9c8e_config-0
22:48:35.783 [main] INFO  o.r.Reflections - [scan,232] - Reflections took 21 ms to scan 1 urls, producing 3 keys and 6 values 
22:48:35.809 [main] INFO  o.r.Reflections - [scan,232] - Reflections took 15 ms to scan 1 urls, producing 4 keys and 9 values 
22:48:35.819 [main] INFO  o.r.Reflections - [scan,232] - Reflections took 7 ms to scan 1 urls, producing 3 keys and 10 values 
22:48:35.831 [main] INFO  o.r.Reflections - [scan,232] - Reflections took 8 ms to scan 1 urls, producing 1 keys and 5 values 
22:48:35.841 [main] INFO  o.r.Reflections - [scan,232] - Reflections took 7 ms to scan 1 urls, producing 1 keys and 7 values 
22:48:35.855 [main] INFO  o.r.Reflections - [scan,232] - Reflections took 12 ms to scan 1 urls, producing 2 keys and 8 values 
22:48:35.858 [main] INFO  c.a.n.c.r.client - [printIfInfoEnabled,60] - [1ff1cdf3-adf4-4961-b5d8-f5af0e2f9c8e_config-0] RpcClient init label, labels = {module=config, Vipserver-Tag=null, source=sdk, Amory-Tag=null, Location-Tag=null, taskId=0, AppName=unknown}
22:48:35.859 [main] INFO  c.a.n.c.r.client - [printIfInfoEnabled,60] - [1ff1cdf3-adf4-4961-b5d8-f5af0e2f9c8e_config-0] Register server push request handler:com.alibaba.nacos.client.config.impl.ClientWorker$ConfigRpcTransportClient$$Lambda$468/0x0000000800e7f040
22:48:35.859 [main] INFO  c.a.n.c.r.client - [printIfInfoEnabled,60] - [1ff1cdf3-adf4-4961-b5d8-f5af0e2f9c8e_config-0] Register server push request handler:com.alibaba.nacos.client.config.impl.ClientWorker$ConfigRpcTransportClient$$Lambda$469/0x0000000800e7f440
22:48:35.860 [main] INFO  c.a.n.c.r.client - [printIfInfoEnabled,60] - [1ff1cdf3-adf4-4961-b5d8-f5af0e2f9c8e_config-0] Registry connection listener to current client:com.alibaba.nacos.client.config.impl.ClientWorker$ConfigRpcTransportClient$1
22:48:35.860 [main] INFO  c.a.n.c.r.client - [printIfInfoEnabled,60] - [1ff1cdf3-adf4-4961-b5d8-f5af0e2f9c8e_config-0] RpcClient init, ServerListFactory = com.alibaba.nacos.client.config.impl.ClientWorker$ConfigRpcTransportClient$2
22:48:35.866 [main] INFO  c.a.n.c.r.client - [printIfInfoEnabled,60] - [1ff1cdf3-adf4-4961-b5d8-f5af0e2f9c8e_config-0] Try to connect to server on start up, server: {serverIp = '127.0.0.1', server main port = 8848}
22:48:37.897 [main] INFO  c.a.n.c.r.client - [printIfInfoEnabled,60] - [1ff1cdf3-adf4-4961-b5d8-f5af0e2f9c8e_config-0] Success to connect to server [127.0.0.1:8848] on start up, connectionId = 1683730117728_127.0.0.1_50840
22:48:37.899 [main] INFO  c.a.n.c.r.client - [printIfInfoEnabled,60] - [1ff1cdf3-adf4-4961-b5d8-f5af0e2f9c8e_config-0] Register server push request handler:com.alibaba.nacos.common.remote.client.RpcClient$ConnectResetRequestHandler
22:48:37.898 [com.alibaba.nacos.client.remote.worker] INFO  c.a.n.c.r.client - [printIfInfoEnabled,60] - [1ff1cdf3-adf4-4961-b5d8-f5af0e2f9c8e_config-0] Notify connected event to listeners.
22:48:37.899 [main] INFO  c.a.n.c.r.client - [printIfInfoEnabled,60] - [1ff1cdf3-adf4-4961-b5d8-f5af0e2f9c8e_config-0] Register server push request handler:com.alibaba.nacos.common.remote.client.RpcClient$$Lambda$484/0x0000000800ee7c40
22:48:37.985 [main] INFO  c.r.s.RuoYiSystemApplication - [logStartupProfileInfo,637] - The following 1 profile is active: "dev"
22:48:40.573 [main] INFO  o.a.c.h.Http11NioProtocol - [log,173] - Initializing ProtocolHandler ["http-nio-9201"]
22:48:40.574 [main] INFO  o.a.c.c.StandardService - [log,173] - Starting service [Tomcat]
22:48:40.574 [main] INFO  o.a.c.c.StandardEngine - [log,173] - Starting Servlet engine: [Apache Tomcat/9.0.70]
22:48:40.797 [main] INFO  o.a.c.c.C.[.[.[/] - [log,173] - Initializing Spring embedded WebApplicationContext
22:48:41.215 [main] INFO  c.a.d.p.DruidDataSource - [init,985] - {dataSource-1,master} inited
22:48:41.265 [Druid-ConnectionPool-Create-553937658] INFO  c.a.d.p.DruidAbstractDataSource - [setFailContinuous,1883] - {dataSource-1} failContinuous is true
22:48:41.272 [main] INFO  o.a.c.c.StandardService - [log,173] - Stopping service [Tomcat]
22:50:03.521 [background-preinit] INFO  o.h.v.i.util.Version - [<clinit>,21] - HV000001: Hibernate Validator 6.2.5.Final
22:50:04.547 [main] INFO  c.a.n.c.r.client - [lambda$createClient$0,80] - [RpcClientFactory] create a new rpc client of 2fa75cda-5bac-4b79-8a0f-912788863034_config-0
22:50:04.582 [main] INFO  o.r.Reflections - [scan,232] - Reflections took 22 ms to scan 1 urls, producing 3 keys and 6 values 
22:50:04.606 [main] INFO  o.r.Reflections - [scan,232] - Reflections took 14 ms to scan 1 urls, producing 4 keys and 9 values 
22:50:04.616 [main] INFO  o.r.Reflections - [scan,232] - Reflections took 7 ms to scan 1 urls, producing 3 keys and 10 values 
22:50:04.627 [main] INFO  o.r.Reflections - [scan,232] - Reflections took 7 ms to scan 1 urls, producing 1 keys and 5 values 
22:50:04.637 [main] INFO  o.r.Reflections - [scan,232] - Reflections took 8 ms to scan 1 urls, producing 1 keys and 7 values 
22:50:04.651 [main] INFO  o.r.Reflections - [scan,232] - Reflections took 12 ms to scan 1 urls, producing 2 keys and 8 values 
22:50:04.654 [main] INFO  c.a.n.c.r.client - [printIfInfoEnabled,60] - [2fa75cda-5bac-4b79-8a0f-912788863034_config-0] RpcClient init label, labels = {module=config, Vipserver-Tag=null, source=sdk, Amory-Tag=null, Location-Tag=null, taskId=0, AppName=unknown}
22:50:04.655 [main] INFO  c.a.n.c.r.client - [printIfInfoEnabled,60] - [2fa75cda-5bac-4b79-8a0f-912788863034_config-0] Register server push request handler:com.alibaba.nacos.client.config.impl.ClientWorker$ConfigRpcTransportClient$$Lambda$468/0x0000000800e7f040
22:50:04.655 [main] INFO  c.a.n.c.r.client - [printIfInfoEnabled,60] - [2fa75cda-5bac-4b79-8a0f-912788863034_config-0] Register server push request handler:com.alibaba.nacos.client.config.impl.ClientWorker$ConfigRpcTransportClient$$Lambda$469/0x0000000800e7f440
22:50:04.655 [main] INFO  c.a.n.c.r.client - [printIfInfoEnabled,60] - [2fa75cda-5bac-4b79-8a0f-912788863034_config-0] Registry connection listener to current client:com.alibaba.nacos.client.config.impl.ClientWorker$ConfigRpcTransportClient$1
22:50:04.655 [main] INFO  c.a.n.c.r.client - [printIfInfoEnabled,60] - [2fa75cda-5bac-4b79-8a0f-912788863034_config-0] RpcClient init, ServerListFactory = com.alibaba.nacos.client.config.impl.ClientWorker$ConfigRpcTransportClient$2
22:50:04.662 [main] INFO  c.a.n.c.r.client - [printIfInfoEnabled,60] - [2fa75cda-5bac-4b79-8a0f-912788863034_config-0] Try to connect to server on start up, server: {serverIp = '127.0.0.1', server main port = 8848}
22:50:06.674 [main] INFO  c.a.n.c.r.client - [printIfInfoEnabled,60] - [2fa75cda-5bac-4b79-8a0f-912788863034_config-0] Success to connect to server [127.0.0.1:8848] on start up, connectionId = 1683730206501_127.0.0.1_50976
22:50:06.674 [main] INFO  c.a.n.c.r.client - [printIfInfoEnabled,60] - [2fa75cda-5bac-4b79-8a0f-912788863034_config-0] Register server push request handler:com.alibaba.nacos.common.remote.client.RpcClient$ConnectResetRequestHandler
22:50:06.674 [com.alibaba.nacos.client.remote.worker] INFO  c.a.n.c.r.client - [printIfInfoEnabled,60] - [2fa75cda-5bac-4b79-8a0f-912788863034_config-0] Notify connected event to listeners.
22:50:06.675 [main] INFO  c.a.n.c.r.client - [printIfInfoEnabled,60] - [2fa75cda-5bac-4b79-8a0f-912788863034_config-0] Register server push request handler:com.alibaba.nacos.common.remote.client.RpcClient$$Lambda$484/0x0000000800ee7c40
22:50:06.756 [main] INFO  c.r.s.RuoYiSystemApplication - [logStartupProfileInfo,637] - The following 1 profile is active: "dev"
22:50:09.353 [main] INFO  o.a.c.h.Http11NioProtocol - [log,173] - Initializing ProtocolHandler ["http-nio-9201"]
22:50:09.353 [main] INFO  o.a.c.c.StandardService - [log,173] - Starting service [Tomcat]
22:50:09.353 [main] INFO  o.a.c.c.StandardEngine - [log,173] - Starting Servlet engine: [Apache Tomcat/9.0.70]
22:50:09.564 [main] INFO  o.a.c.c.C.[.[.[/] - [log,173] - Initializing Spring embedded WebApplicationContext
22:50:10.076 [main] INFO  c.a.d.p.DruidDataSource - [init,985] - {dataSource-1,master} inited
22:50:10.077 [main] INFO  c.b.d.d.DynamicRoutingDataSource - [addDataSource,154] - dynamic-datasource - add a datasource named [master] success
22:50:10.078 [main] INFO  c.b.d.d.DynamicRoutingDataSource - [afterPropertiesSet,234] - dynamic-datasource initial loaded [1] datasource,primary datasource named [master]
22:50:13.365 [main] INFO  c.a.c.s.SentinelWebMvcConfigurer - [addInterceptors,52] - [Sentinel Starter] register SentinelWebInterceptor with urlPatterns: [/**].
22:50:15.742 [main] INFO  c.a.n.c.r.client - [lambda$createClient$0,80] - [RpcClientFactory] create a new rpc client of a52b6d23-b588-4329-8ef0-b1f97deb1799
22:50:15.742 [main] INFO  c.a.n.c.r.client - [printIfInfoEnabled,60] - [a52b6d23-b588-4329-8ef0-b1f97deb1799] RpcClient init label, labels = {module=naming, source=sdk}
22:50:15.744 [main] INFO  c.a.n.c.r.client - [printIfInfoEnabled,60] - [a52b6d23-b588-4329-8ef0-b1f97deb1799] RpcClient init, ServerListFactory = com.alibaba.nacos.client.naming.core.ServerListManager
22:50:15.744 [main] INFO  c.a.n.c.r.client - [printIfInfoEnabled,60] - [a52b6d23-b588-4329-8ef0-b1f97deb1799] Registry connection listener to current client:com.alibaba.nacos.client.naming.remote.gprc.redo.NamingGrpcRedoService
22:50:15.744 [main] INFO  c.a.n.c.r.client - [printIfInfoEnabled,60] - [a52b6d23-b588-4329-8ef0-b1f97deb1799] Register server push request handler:com.alibaba.nacos.client.naming.remote.gprc.NamingPushRequestHandler
22:50:15.745 [main] INFO  c.a.n.c.r.client - [printIfInfoEnabled,60] - [a52b6d23-b588-4329-8ef0-b1f97deb1799] Try to connect to server on start up, server: {serverIp = '127.0.0.1', server main port = 8848}
22:50:15.864 [main] INFO  c.a.n.c.r.client - [printIfInfoEnabled,60] - [a52b6d23-b588-4329-8ef0-b1f97deb1799] Success to connect to server [127.0.0.1:8848] on start up, connectionId = 1683730215752_127.0.0.1_51021
22:50:15.864 [main] INFO  c.a.n.c.r.client - [printIfInfoEnabled,60] - [a52b6d23-b588-4329-8ef0-b1f97deb1799] Register server push request handler:com.alibaba.nacos.common.remote.client.RpcClient$ConnectResetRequestHandler
22:50:15.864 [com.alibaba.nacos.client.remote.worker] INFO  c.a.n.c.r.client - [printIfInfoEnabled,60] - [a52b6d23-b588-4329-8ef0-b1f97deb1799] Notify connected event to listeners.
22:50:15.864 [main] INFO  c.a.n.c.r.client - [printIfInfoEnabled,60] - [a52b6d23-b588-4329-8ef0-b1f97deb1799] Register server push request handler:com.alibaba.nacos.common.remote.client.RpcClient$$Lambda$484/0x0000000800ee7c40
22:50:15.897 [main] INFO  o.a.c.h.Http11NioProtocol - [log,173] - Starting ProtocolHandler ["http-nio-9201"]
22:50:15.931 [main] INFO  c.a.c.n.r.NacosServiceRegistry - [register,75] - nacos registry, DEFAULT_GROUP ruoyi-system 192.168.40.1:9201 register finished
22:50:16.418 [nacos-grpc-client-executor-8] INFO  c.a.n.c.r.client - [printIfInfoEnabled,60] - [a52b6d23-b588-4329-8ef0-b1f97deb1799] Receive server push request, request = NotifySubscriberRequest, requestId = 1
22:50:16.422 [nacos-grpc-client-executor-8] INFO  c.a.n.c.r.client - [printIfInfoEnabled,60] - [a52b6d23-b588-4329-8ef0-b1f97deb1799] Ack server push request, request = NotifySubscriberRequest, requestId = 1
22:50:16.904 [main] INFO  c.r.s.RuoYiSystemApplication - [logStarted,61] - Started RuoYiSystemApplication in 14.474 seconds (JVM running for 15.749)
22:50:16.913 [main] INFO  c.a.c.n.r.NacosContextRefresher - [registerNacosListener,129] - [Nacos Config] Listening config: dataId=ruoyi-system, group=DEFAULT_GROUP
22:50:16.914 [main] INFO  c.a.c.n.r.NacosContextRefresher - [registerNacosListener,129] - [Nacos Config] Listening config: dataId=ruoyi-system.yml, group=DEFAULT_GROUP
22:50:16.915 [main] INFO  c.a.c.n.r.NacosContextRefresher - [registerNacosListener,129] - [Nacos Config] Listening config: dataId=ruoyi-system-dev.yml, group=DEFAULT_GROUP
22:50:17.759 [RMI TCP Connection(5)-169.254.63.97] INFO  o.a.c.c.C.[.[.[/] - [log,173] - Initializing Spring DispatcherServlet 'dispatcherServlet'
